<?xml version="1.0" encoding="utf-8"?><testsuites><testsuite name="pytest" errors="0" failures="1" skipped="0" tests="1" time="0.027" timestamp="2023-08-05T18:15:21.086025" hostname="flyingcik"><testcase classname="tests.xmls.test_fail_in" name="test_fail" time="0.001"><failure message="assert False">def test_fail():
&gt;       assert False
E       assert False

test_fail_in.py:2: AssertionError</failure></testcase></testsuite></testsuites>