<?xml version="1.0" encoding="utf-8"?><testsuites><testsuite name="pytest" errors="0" failures="1" skipped="0" tests="1" time="0.016" timestamp="2023-08-08T19:18:39.326677" hostname="propcik"><testcase classname="tests.xmls.test_fail_in" name="test_fail" time="0.000"><failure message="assert False">def test_fail():
&gt;       assert False
#x1B[1m#x1B[31mE       assert False#x1B[0m

#x1B[1m#x1B[31mtest_fail_in.py#x1B[0m:2: AssertionError</failure></testcase></testsuite></testsuites>